<?xml version="1.0" encoding="UTF-8"?>
<testsuite xmlns:xsi="http://www.w3.org/2001/XMLSchema-instance" xsi:noNamespaceSchemaLocation="https://maven.apache.org/surefire/maven-surefire-plugin/xsd/surefire-test-report.xsd" version="3.0.2" name="com.bajaj.challenge.ChallengeApplicationTests" time="3.892" tests="1" errors="0" skipped="0" failures="0">
  <properties>
[...]
</properties>
  <testcase name="contextLoads" classname="com.bajaj.challenge.ChallengeApplicationTests" time="0.771">
    <system-out><![CDATA[16:57:02.487 [main] INFO org.springframework.test.context.support.AnnotationConfigContextLoaderUtils -- Could not detect default configuration classes for test class [com.bajaj.challenge.ChallengeApplicationTests]: ChallengeApplicationTests does not declare any static, non-private, non-final, nested classes annotated with @Configuration.
16:57:02.647 [main] INFO org.springframework.boot.test.context.SpringBootTestContextBootstrapper -- Found @SpringBootConfiguration com.bajaj.challenge.ChallengeApplication for test class com.bajaj.challenge.ChallengeApplicationTests
16:57:02.866 [main] INFO org.springframework.boot.devtools.restart.RestartApplicationListener -- Restart disabled due to context in which it is running

  .   ____          _            __ _ _
 /\\ / ___'_ __ _ _(_)_ __  __ _ \ \ \ \
( ( )\___ | '_ | '_| | '_ \/ _` | \ \ \ \
 \\/  ___)| |_)| | | | | || (_| |  ) ) ) )
  '  |____| .__|_| |_|_| |_\__, | / / / /
 =========|_|==============|___/=/_/_/_/

 :: Spring Boot ::                (v3.5.5)

2025-12-01T16:57:03.253+05:30  INFO 13148 --- [challenge] [           main] c.b.challenge.ChallengeApplicationTests  : Starting ChallengeApplicationTests using Java 25.0.1 with PID 13148 (started by kesav in C:\Users\kesav\Downloads\BAJAJ-HIRING-CHALLENGE-main\BAJAJ-HIRING-CHALLENGE-main\challenge)
2025-12-01T16:57:03.256+05:30  INFO 13148 --- [challenge] [           main] c.b.challenge.ChallengeApplicationTests  : No active profile set, falling back to 1 default profile: "default"
2025-12-01T16:57:04.627+05:30  INFO 13148 --- [challenge] [           main] c.b.challenge.ChallengeApplicationTests  : Started ChallengeApplicationTests in 1.778 seconds (process running for 3.081)
Sending registration request to: https://bfhldevapigw.healthrx.co.in/hiring/generateWebhook/JAVA
Request body: RequestDTO{name='Parepalli Kesava Naga Sai Durga Vardhan', regNo='22BCE20530', email='kesavaparepalli@gmail.com'}
Registration API Status: 200 OK
Parsed response: ResponseDTO(webhookUrl=https://bfhldevapigw.healthrx.co.in/hiring/testWebhook/JAVA, accessToken=eyJhbGciOiJIUzI1NiJ9.eyJyZWdObyI6IjIyQkNFMjA1MzAiLCJuYW1lIjoiUGFyZXBhbGxpIEtlc2F2YSBOYWdhIFNhaSBEdXJnYSBWYXJkaGFuIiwiZW1haWwiOiJrZXNhdmFwYXJlcGFsbGlAZ21haWwuY29tIiwic3ViIjoid2ViaG9vay11c2VyIiwiaWF0IjoxNzY0NTg4NDUwLCJleHAiOjE3NjQ1ODkzNTB9.k5xZuJM8lvMM519Y42S7s8R7YKugIkY6bQx6Ptpg7og)
Webhook URL: https://bfhldevapigw.healthrx.co.in/hiring/testWebhook/JAVA
Access Token: ***TOKEN_RECEIVED***
Submitting solution to webhook: https://bfhldevapigw.healthrx.co.in/hiring/testWebhook/JAVA
Submission successful! Response: {"success":true,"message":"Webhook processed successfully"}
HTTP Status: 200 OK
]]></system-out>
    <system-err><![CDATA[Mockito is currently self-attaching to enable the inline-mock-maker. This will no longer work in future releases of the JDK. Please add Mockito as an agent to your build as described in Mockito's documentation: https://javadoc.io/doc/org.mockito/mockito-core/latest/org.mockito/org/mockito/Mockito.html#0.3
WARNING: A Java agent has been loaded dynamically (C:\Users\kesav\.m2\repository\net\bytebuddy\byte-buddy-agent\1.17.7\byte-buddy-agent-1.17.7.jar)
WARNING: If a serviceability tool is in use, please run with -XX:+EnableDynamicAgentLoading to hide this warning
WARNING: If a serviceability tool is not in use, please run with -Djdk.instrument.traceUsage for more information
WARNING: Dynamic loading of agents will be disallowed by default in a future release
]]></system-err>
  </testcase>
</testsuite>